<?xml version="1.0" encoding="UTF-8"?>
<!-- Generated by org.testng.reporters.JUnitXMLReporter -->
<testsuite ignored="0" hostname="MSI-WORK" failures="0" tests="5" name="Default test" time="68.766" errors="0" timestamp="2024-11-16T20:57:18 IST">
  <testcase classname="com.hrm.scenario2.OrangeHRMTest" name="testLeftMenuOptionsCount" time="6.495"/>
  <testcase classname="com.hrm.scenario2.OrangeHRMTest" name="testLogin" time="4.337"/>
  <testcase classname="com.hrm.scenario2.OrangeHRMTest" name="testSearchByUserName" time="8.019"/>
  <testcase classname="com.hrm.scenario2.OrangeHRMTest" name="testSearchByUserRole" time="9.21"/>
  <testcase classname="com.hrm.scenario2.OrangeHRMTest" name="testSearchByUserStatus" time="7.974"/>
</testsuite> <!-- Default test -->
