<?xml version="1.0" encoding="UTF-8"?>
<testng-results ignored="0" total="5" passed="5" failed="0" skipped="0">
  <reporter-output>
  </reporter-output>
  <suite started-at="2024-11-16T20:56:09 IST" name="Default suite" finished-at="2024-11-16T20:57:18 IST" duration-ms="68766">
    <groups>
    </groups>
    <test started-at="2024-11-16T20:56:09 IST" name="Default test" finished-at="2024-11-16T20:57:18 IST" duration-ms="68766">
      <class name="com.hrm.scenario2.OrangeHRMTest">
        <test-method is-config="true" signature="setup()[pri:0, instance:com.hrm.scenario2.OrangeHRMTest@68999068]" started-at="2024-11-16T20:56:09 IST" name="setup" finished-at="2024-11-16T20:56:16 IST" duration-ms="7126" status="PASS">
          <reporter-output>
          </reporter-output>
        </test-method> <!-- setup -->
        <test-method signature="testLeftMenuOptionsCount()[pri:0, instance:com.hrm.scenario2.OrangeHRMTest@68999068]" started-at="2024-11-16T20:56:16 IST" name="testLeftMenuOptionsCount" finished-at="2024-11-16T20:56:22 IST" duration-ms="6495" status="PASS">
          <reporter-output>
          </reporter-output>
        </test-method> <!-- testLeftMenuOptionsCount -->
        <test-method is-config="true" signature="teardown()[pri:0, instance:com.hrm.scenario2.OrangeHRMTest@68999068]" started-at="2024-11-16T20:56:22 IST" name="teardown" finished-at="2024-11-16T20:56:23 IST" duration-ms="127" status="PASS">
          <reporter-output>
          </reporter-output>
        </test-method> <!-- teardown -->
        <test-method is-config="true" signature="setup()[pri:0, instance:com.hrm.scenario2.OrangeHRMTest@68999068]" started-at="2024-11-16T20:56:23 IST" name="setup" finished-at="2024-11-16T20:56:29 IST" duration-ms="6100" status="PASS">
          <reporter-output>
          </reporter-output>
        </test-method> <!-- setup -->
        <test-method signature="testLogin()[pri:0, instance:com.hrm.scenario2.OrangeHRMTest@68999068]" started-at="2024-11-16T20:56:29 IST" name="testLogin" finished-at="2024-11-16T20:56:33 IST" duration-ms="4337" status="PASS">
          <reporter-output>
          </reporter-output>
        </test-method> <!-- testLogin -->
        <test-method is-config="true" signature="teardown()[pri:0, instance:com.hrm.scenario2.OrangeHRMTest@68999068]" started-at="2024-11-16T20:56:33 IST" name="teardown" finished-at="2024-11-16T20:56:33 IST" duration-ms="127" status="PASS">
          <reporter-output>
          </reporter-output>
        </test-method> <!-- teardown -->
        <test-method is-config="true" signature="setup()[pri:0, instance:com.hrm.scenario2.OrangeHRMTest@68999068]" started-at="2024-11-16T20:56:33 IST" name="setup" finished-at="2024-11-16T20:56:39 IST" duration-ms="5672" status="PASS">
          <reporter-output>
          </reporter-output>
        </test-method> <!-- setup -->
        <test-method signature="testSearchByUserName()[pri:0, instance:com.hrm.scenario2.OrangeHRMTest@68999068]" started-at="2024-11-16T20:56:39 IST" name="testSearchByUserName" finished-at="2024-11-16T20:56:47 IST" duration-ms="8019" status="PASS">
          <reporter-output>
          </reporter-output>
        </test-method> <!-- testSearchByUserName -->
        <test-method is-config="true" signature="teardown()[pri:0, instance:com.hrm.scenario2.OrangeHRMTest@68999068]" started-at="2024-11-16T20:56:47 IST" name="teardown" finished-at="2024-11-16T20:56:47 IST" duration-ms="118" status="PASS">
          <reporter-output>
          </reporter-output>
        </test-method> <!-- teardown -->
        <test-method is-config="true" signature="setup()[pri:0, instance:com.hrm.scenario2.OrangeHRMTest@68999068]" started-at="2024-11-16T20:56:47 IST" name="setup" finished-at="2024-11-16T20:56:53 IST" duration-ms="6044" status="PASS">
          <reporter-output>
          </reporter-output>
        </test-method> <!-- setup -->
        <test-method signature="testSearchByUserRole()[pri:0, instance:com.hrm.scenario2.OrangeHRMTest@68999068]" started-at="2024-11-16T20:56:53 IST" name="testSearchByUserRole" finished-at="2024-11-16T20:57:02 IST" duration-ms="9210" status="PASS">
          <reporter-output>
          </reporter-output>
        </test-method> <!-- testSearchByUserRole -->
        <test-method is-config="true" signature="teardown()[pri:0, instance:com.hrm.scenario2.OrangeHRMTest@68999068]" started-at="2024-11-16T20:57:02 IST" name="teardown" finished-at="2024-11-16T20:57:02 IST" duration-ms="139" status="PASS">
          <reporter-output>
          </reporter-output>
        </test-method> <!-- teardown -->
        <test-method is-config="true" signature="setup()[pri:0, instance:com.hrm.scenario2.OrangeHRMTest@68999068]" started-at="2024-11-16T20:57:02 IST" name="setup" finished-at="2024-11-16T20:57:08 IST" duration-ms="6126" status="PASS">
          <reporter-output>
          </reporter-output>
        </test-method> <!-- setup -->
        <test-method signature="testSearchByUserStatus()[pri:0, instance:com.hrm.scenario2.OrangeHRMTest@68999068]" started-at="2024-11-16T20:57:08 IST" name="testSearchByUserStatus" finished-at="2024-11-16T20:57:16 IST" duration-ms="7974" status="PASS">
          <reporter-output>
          </reporter-output>
        </test-method> <!-- testSearchByUserStatus -->
        <test-method is-config="true" signature="teardown()[pri:0, instance:com.hrm.scenario2.OrangeHRMTest@68999068]" started-at="2024-11-16T20:57:16 IST" name="teardown" finished-at="2024-11-16T20:57:18 IST" duration-ms="1118" status="PASS">
          <reporter-output>
          </reporter-output>
        </test-method> <!-- teardown -->
      </class> <!-- com.hrm.scenario2.OrangeHRMTest -->
    </test> <!-- Default test -->
  </suite> <!-- Default suite -->
</testng-results>
